<html>
<head>
<title>TestNG:  parallelexecutiontest</title>
<link href="../testng.css" rel="stylesheet" type="text/css" />
<link href="../my-testng.css" rel="stylesheet" type="text/css" />

<style type="text/css">
.log { display: none;} 
.stack-trace { display: none;} 
</style>
<script type="text/javascript">
<!--
function flip(e) {
  current = e.style.display;
  if (current == 'block') {
    e.style.display = 'none';
    return 0;
  }
  else {
    e.style.display = 'block';
    return 1;
  }
}

function toggleBox(szDivId, elem, msg1, msg2)
{
  var res = -1;  if (document.getElementById) {
    res = flip(document.getElementById(szDivId));
  }
  else if (document.all) {
    // this is the way old msie versions work
    res = flip(document.all[szDivId]);
  }
  if(elem) {
    if(res == 0) elem.innerHTML = msg1; else elem.innerHTML = msg2;
  }

}

function toggleAllBoxes() {
  if (document.getElementsByTagName) {
    d = document.getElementsByTagName('div');
    for (i = 0; i < d.length; i++) {
      if (d[i].className == 'log') {
        flip(d[i]);
      }
    }
  }
}

// -->
</script>

</head>
<body>
<h2 align='center'>parallelexecutiontest</h2><table border='1' align="center">
<tr>
<td>Tests passed/Failed/Skipped:</td><td>12/0/3</td>
</tr><tr>
<td>Started on:</td><td>Wed Sep 17 12:25:01 IST 2025</td>
</tr>
<tr><td>Total time:</td><td>977 seconds (977441 ms)</td>
</tr><tr>
<td>Included groups:</td><td></td>
</tr><tr>
<td>Excluded groups:</td><td></td>
</tr>
</table><p/>
<small><i>(Hover the method name to see the test class name)</i></small><p/>
<table width='100%' border='1' class='invocation-passed'>
<tr><td colspan='4' align='center'><b>PASSED TESTS</b></td></tr>
<tr><td><b>Test method</b></td>
<td><b>Attribute(s)</b></td>
<td width="30%"><b>Exception</b></td>
<td width="10%"><b>Time (seconds)</b></td>
<td><b>Instance</b></td>
</tr>
<tr>
<td title='testCases.TC_StorageGridConfig.createStorageGridConfig()'><b>createStorageGridConfig</b><br>Test class: testCases.TC_StorageGridConfig<br>Parameters: null, null, null, null, null, null, null, null, null, null, null, null, null, null, null, null, null, null, null, null, null, null</td>
<td></td>
<td>0</td>
<td>testCases.TC_StorageGridConfig@25e2ab5a</td></tr>
<tr>
<td title='testCases.TC_SolidFireConfig.createSolidFireConfig()'><b>createSolidFireConfig</b><br>Test class: testCases.TC_SolidFireConfig<br>Parameters: null, null, null, null, null, null, null, null, null, null, null, null, null, null, null, null, null, null, null, null, null</td>
<td></td>
<td>0</td>
<td>testCases.TC_SolidFireConfig@c055c54</td></tr>
<tr>
<td title='testCases.TC_CreateDirectOpportunity.createDirectOpportunity()'><b>createDirectOpportunity</b><br>Test class: testCases.TC_CreateDirectOpportunity<br>Parameters: null, null, null, null, null, null, null, null, null, null, null, null, null, null, null, null</td>
<td></td>
<td>0</td>
<td>testCases.TC_CreateDirectOpportunity@2cc3ad05</td></tr>
<tr>
<td title='testCases.TC_CreateDirectOpportunity.createDirectOpportunity()'><b>createDirectOpportunity</b><br>Test class: testCases.TC_CreateDirectOpportunity<br>Parameters: APPTESTMBOB4@netapp.com, Apple Inc., Standard, Test Automation, Amit Jain, To be Determined During Qualify Sales Stage, Up-sell/Cross-sell, None, USD - U.S. Dollar, Direct, , , , , , </td>
<td></td>
<td>165</td>
<td>testCases.TC_CreateDirectOpportunity@2cc3ad05</td></tr>
<tr>
<td title='testCases.TC_StorageGridConfig.createStorageGridConfig()'><b>createStorageGridConfig</b><br>Test class: testCases.TC_StorageGridConfig<br>Parameters: null, null, null, null, null, null, null, null, null, null, null, null, null, null, null, null, null, null, null, null, null, null</td>
<td></td>
<td>0</td>
<td>testCases.TC_StorageGridConfig@25e2ab5a</td></tr>
<tr>
<td title='testCases.TC_SolidFireConfig.createSolidFireConfig()'><b>createSolidFireConfig</b><br>Test class: testCases.TC_SolidFireConfig<br>Parameters: APPTESTMBOB4@netapp.com, Apple Inc., Standard, Test Automation, Amit Jain, To be Determined During Qualify Sales Stage, Up-sell/Cross-sell, None, USD - U.S. Dollar, Direct, , , , , , , All SAN Array Flash Config, 1000, Term Based Capacity License Software, 10, 24 Months</td>
<td></td>
<td>357</td>
<td>testCases.TC_SolidFireConfig@c055c54</td></tr>
<tr>
<td title='testCases.TC_SolidFireConfig.createSolidFireConfig()'><b>createSolidFireConfig</b><br>Test class: testCases.TC_SolidFireConfig<br>Parameters: null, null, null, null, null, null, null, null, null, null, null, null, null, null, null, null, null, null, null, null, null</td>
<td></td>
<td>0</td>
<td>testCases.TC_SolidFireConfig@c055c54</td></tr>
<tr>
<td title='testCases.TC_CreateDirectOpportunity.createDirectOpportunity()'><b>createDirectOpportunity</b><br>Test class: testCases.TC_CreateDirectOpportunity<br>Parameters: null, null, null, null, null, null, null, null, null, null, null, null, null, null, null, null</td>
<td></td>
<td>0</td>
<td>testCases.TC_CreateDirectOpportunity@2cc3ad05</td></tr>
<tr>
<td title='testCases.TC_CreateIndirectOpportunity.createIndirectOpportunity()'><b>createIndirectOpportunity</b><br>Test class: testCases.TC_CreateIndirectOpportunity<br>Parameters: null, null, null, null, null, null, null, null, null, null, null, null, null, null, null, null</td>
<td></td>
<td>0</td>
<td>testCases.TC_CreateIndirectOpportunity@3d9f6567</td></tr>
<tr>
<td title='testCases.TC_CreateIndirectOpportunity.createIndirectOpportunity()'><b>createIndirectOpportunity</b><br>Test class: testCases.TC_CreateIndirectOpportunity<br>Parameters: null, null, null, null, null, null, null, null, null, null, null, null, null, null, null, null</td>
<td></td>
<td>0</td>
<td>testCases.TC_CreateIndirectOpportunity@3d9f6567</td></tr>
<tr>
<td title='testCases.TC_CreateIndirectOpportunity.createIndirectOpportunity()'><b>createIndirectOpportunity</b><br>Test class: testCases.TC_CreateIndirectOpportunity<br>Parameters: APPTESTMBOB4@netapp.com, Apple Inc., Standard, Test Automation, Amit Jain, To be Determined During Qualify Sales Stage, Up-sell/Cross-sell, None, USD - U.S. Dollar, Indirect, Reseller through NetApp, Reseller, Own Use, Test, Bhuvan Testing, Bhuvan Testing</td>
<td></td>
<td>228</td>
<td>testCases.TC_CreateIndirectOpportunity@3d9f6567</td></tr>
<tr>
<td title='testCases.TC_StorageGridConfig.createStorageGridConfig()'><b>createStorageGridConfig</b><br>Test class: testCases.TC_StorageGridConfig<br>Parameters: APPTESTMBOB4@netapp.com, Apple Inc., Standard, Test Automation, Amit Jain, To be Determined During Qualify Sales Stage, Up-sell/Cross-sell, None, USD - U.S. Dollar, Direct, , , , , , , All SAN Array Flash Config, 1000, StorageGRID Appliance and Software, SG5860, 8TB HDDs Non-FDE, 6</td>
<td></td>
<td>366</td>
<td>testCases.TC_StorageGridConfig@25e2ab5a</td></tr>
</table><p>
<table width='100%' border='1' class='invocation-skipped'>
<tr><td colspan='4' align='center'><b>SKIPPED TESTS</b></td></tr>
<tr><td><b>Test method</b></td>
<td><b>Attribute(s)</b></td>
<td width="30%"><b>Exception</b></td>
<td width="10%"><b>Time (seconds)</b></td>
<td><b>Instance</b></td>
</tr>
<tr>
<td title='testCases.TC_SolidFireConfig.createSolidFireConfig()'><b>createSolidFireConfig</b><br>Test class: testCases.TC_SolidFireConfig<br>Parameters: APPTESTMBOB4@netapp.com, Apple Inc., Standard, Test Automation, Amit Jain, To be Determined During Qualify Sales Stage, Up-sell/Cross-sell, None, USD - U.S. Dollar, Direct, , , , , , , All SAN Array Flash Config, 1000, Term Based Capacity License Software, 10, 24 Months</td>
<td><div><pre>org.openqa.selenium.ElementClickInterceptedException: element click intercepted: Element &lt;button aria-label=&quot;...&quot; tabindex=&quot;0&quot; class=&quot;BaseButtonStyles_styles_base__jvi3ds0 BaseButtonStyles_styles_sizes_md__jvi3ds2a BaseButtonStyles_styles_variants_outlined_base__jvi3dsk BaseButtonStyles_styles_styled__jvi3ds1&quot; style=&quot;width: 100%;&quot;&gt;Save Quote&lt;/button&gt; is not clickable at point (460, 376). Other element would receive the click: &lt;span style=&quot;color:#ffffff;font-family:walkme-poppins, arial;font-size:16px;line-height:1.42&quot;&gt;...&lt;/span&gt;
  (Session info: chrome=140.0.7339.128)
Build info: version: &apos;4.34.0&apos;, revision: &apos;707dcb4246*&apos;
System info: os.name: &apos;Windows 11&apos;, os.arch: &apos;amd64&apos;, os.version: &apos;10.0&apos;, java.version: &apos;21.0.4&apos;
Driver info: org.openqa.selenium.remote.RemoteWebDriver
Command: [d0c86ac317f16883e3777a07db0fc6fe, clickElement {id=f.67F04272BA7909B5F132B03FC66E54A8.d.FFE3BD35C03055F55F3167909B90B5E8.e.46}]
Capabilities {acceptInsecureCerts: false, browserName: chrome, browserVersion: 140.0.7339.128, chrome: {chromedriverVersion: 140.0.7339.82 (bc93617e21c3..., userDataDir: C:\Users\sunilr2\AppData\Lo...}, fedcm:accounts: true, goog:chromeOptions: {debuggerAddress: localhost:54559}, networkConnectionEnabled: false, pageLoadStrategy: normal, platformName: Windows 11, proxy: Proxy(), se:bidiEnabled: false, se:cdp: ws://10.136.199.25:4444/ses..., se:cdpVersion: 140.0.7339.128, setWindowRect: true, strictFileInteractability: false, timeouts: {implicit: 0, pageLoad: 300000, script: 30000}, unhandledPromptBehavior: dismiss and notify, webauthn:extension:credBlob: true, webauthn:extension:largeBlob: true, webauthn:extension:minPinLength: true, webauthn:extension:prf: true, webauthn:virtualAuthenticators: true}
Element: [[RemoteWebDriver: chrome on Windows 11 (d0c86ac317f16883e3777a07db0fc6fe)] -&gt; xpath: //button[@aria-label=&apos;Save Quote&apos;]]
Session ID: d0c86ac317f16883e3777a07db0fc6fe
	at org.openqa.selenium.remote.ErrorCodec.decode(ErrorCodec.java:167)
	at org.openqa.selenium.remote.codec.w3c.W3CHttpResponseCodec.decode(W3CHttpResponseCodec.java:138)
	at org.openqa.selenium.remote.codec.w3c.W3CHttpResponseCodec.decode(W3CHttpResponseCodec.java:50)
	at org.openqa.selenium.remote.HttpCommandExecutor.execute(HttpCommandExecutor.java:215)
	at org.openqa.selenium.remote.TracedCommandExecutor.execute(TracedCommandExecutor.java:53)
	at org.openqa.selenium.remote.RemoteWebDriver.execute(RemoteWebDriver.java:544)
	at org.openqa.selenium.remote.RemoteWebElement.execute(RemoteWebElement.java:223)
	at org.openqa.selenium.remote.RemoteWebElement.click(RemoteWebElement.java:76)
	at org.openqa.selenium.support.pagefactory.internal.LocatingElementHandler.invoke(LocatingElementHandler.java:51)
	at jdk.proxy2/jdk.proxy2.$Proxy31.click(Unknown Source)
	at pageObects_SFDC.OpportunitiesPage.clickSaveButton(OpportunitiesPage.java:134)
	at testCases.TC_SolidFireConfig.createSolidFireConfig(TC_SolidFireConfig.java:152)
	at java.base/java.util.concurrent.Executors$RunnableAdapter.call(Executors.java:572)
	at java.base/java.util.concurrent.FutureTask.run(FutureTask.java:317)
	at java.base/java.util.concurrent.ThreadPoolExecutor.runWorker(ThreadPoolExecutor.java:1144)
	at java.base/java.util.concurrent.ThreadPoolExecutor$Worker.run(ThreadPoolExecutor.java:642)
	at java.base/java.lang.Thread.run(Thread.java:1583)
... Removed 16 stack frames</pre></div><a href='#' onClick='toggleBox("stack-trace1787127606", this, "Click to show all stack frames", "Click to hide stack frames")'>Click to show all stack frames</a>
<div class='stack-trace' id='stack-trace1787127606'><pre>org.openqa.selenium.ElementClickInterceptedException: element click intercepted: Element &lt;button aria-label=&quot;...&quot; tabindex=&quot;0&quot; class=&quot;BaseButtonStyles_styles_base__jvi3ds0 BaseButtonStyles_styles_sizes_md__jvi3ds2a BaseButtonStyles_styles_variants_outlined_base__jvi3dsk BaseButtonStyles_styles_styled__jvi3ds1&quot; style=&quot;width: 100%;&quot;&gt;Save Quote&lt;/button&gt; is not clickable at point (460, 376). Other element would receive the click: &lt;span style=&quot;color:#ffffff;font-family:walkme-poppins, arial;font-size:16px;line-height:1.42&quot;&gt;...&lt;/span&gt;
  (Session info: chrome=140.0.7339.128)
Build info: version: &apos;4.34.0&apos;, revision: &apos;707dcb4246*&apos;
System info: os.name: &apos;Windows 11&apos;, os.arch: &apos;amd64&apos;, os.version: &apos;10.0&apos;, java.version: &apos;21.0.4&apos;
Driver info: org.openqa.selenium.remote.RemoteWebDriver
Command: [d0c86ac317f16883e3777a07db0fc6fe, clickElement {id=f.67F04272BA7909B5F132B03FC66E54A8.d.FFE3BD35C03055F55F3167909B90B5E8.e.46}]
Capabilities {acceptInsecureCerts: false, browserName: chrome, browserVersion: 140.0.7339.128, chrome: {chromedriverVersion: 140.0.7339.82 (bc93617e21c3..., userDataDir: C:\Users\sunilr2\AppData\Lo...}, fedcm:accounts: true, goog:chromeOptions: {debuggerAddress: localhost:54559}, networkConnectionEnabled: false, pageLoadStrategy: normal, platformName: Windows 11, proxy: Proxy(), se:bidiEnabled: false, se:cdp: ws://10.136.199.25:4444/ses..., se:cdpVersion: 140.0.7339.128, setWindowRect: true, strictFileInteractability: false, timeouts: {implicit: 0, pageLoad: 300000, script: 30000}, unhandledPromptBehavior: dismiss and notify, webauthn:extension:credBlob: true, webauthn:extension:largeBlob: true, webauthn:extension:minPinLength: true, webauthn:extension:prf: true, webauthn:virtualAuthenticators: true}
Element: [[RemoteWebDriver: chrome on Windows 11 (d0c86ac317f16883e3777a07db0fc6fe)] -&gt; xpath: //button[@aria-label=&apos;Save Quote&apos;]]
Session ID: d0c86ac317f16883e3777a07db0fc6fe
	at java.base/jdk.internal.reflect.DirectConstructorHandleAccessor.newInstance(DirectConstructorHandleAccessor.java:62)
	at java.base/java.lang.reflect.Constructor.newInstanceWithCaller(Constructor.java:502)
	at java.base/java.lang.reflect.Constructor.newInstance(Constructor.java:486)
	at org.openqa.selenium.remote.ErrorCodec.decode(ErrorCodec.java:167)
	at org.openqa.selenium.remote.codec.w3c.W3CHttpResponseCodec.decode(W3CHttpResponseCodec.java:138)
	at org.openqa.selenium.remote.codec.w3c.W3CHttpResponseCodec.decode(W3CHttpResponseCodec.java:50)
	at org.openqa.selenium.remote.HttpCommandExecutor.execute(HttpCommandExecutor.java:215)
	at org.openqa.selenium.remote.TracedCommandExecutor.execute(TracedCommandExecutor.java:53)
	at org.openqa.selenium.remote.RemoteWebDriver.execute(RemoteWebDriver.java:544)
	at org.openqa.selenium.remote.RemoteWebElement.execute(RemoteWebElement.java:223)
	at org.openqa.selenium.remote.RemoteWebElement.click(RemoteWebElement.java:76)
	at java.base/jdk.internal.reflect.DirectMethodHandleAccessor.invoke(DirectMethodHandleAccessor.java:103)
	at java.base/java.lang.reflect.Method.invoke(Method.java:580)
	at org.openqa.selenium.support.pagefactory.internal.LocatingElementHandler.invoke(LocatingElementHandler.java:51)
	at jdk.proxy2/jdk.proxy2.$Proxy31.click(Unknown Source)
	at pageObects_SFDC.OpportunitiesPage.clickSaveButton(OpportunitiesPage.java:134)
	at testCases.TC_SolidFireConfig.createSolidFireConfig(TC_SolidFireConfig.java:152)
	at java.base/jdk.internal.reflect.DirectMethodHandleAccessor.invoke(DirectMethodHandleAccessor.java:103)
	at java.base/java.lang.reflect.Method.invoke(Method.java:580)
	at org.testng.internal.invokers.MethodInvocationHelper.invokeMethod(MethodInvocationHelper.java:141)
	at org.testng.internal.invokers.TestInvoker.invokeMethod(TestInvoker.java:686)
	at org.testng.internal.invokers.TestInvoker.invokeTestMethod(TestInvoker.java:230)
	at org.testng.internal.invokers.MethodRunner.runInSequence(MethodRunner.java:63)
	at org.testng.internal.invokers.TestInvoker$MethodInvocationAgent.invoke(TestInvoker.java:992)
	at org.testng.internal.invokers.TestInvoker.invokeTestMethods(TestInvoker.java:203)
	at org.testng.internal.invokers.TestMethodWorker.invokeTestMethods(TestMethodWorker.java:154)
	at org.testng.internal.invokers.TestMethodWorker.run(TestMethodWorker.java:134)
	at java.base/java.util.concurrent.Executors$RunnableAdapter.call(Executors.java:572)
	at java.base/java.util.concurrent.FutureTask.run(FutureTask.java:317)
	at org.testng.internal.thread.graph.TestNGFutureTask.run(TestNGFutureTask.java:22)
	at java.base/java.util.concurrent.ThreadPoolExecutor.runWorker(ThreadPoolExecutor.java:1144)
	at java.base/java.util.concurrent.ThreadPoolExecutor$Worker.run(ThreadPoolExecutor.java:642)
	at java.base/java.lang.Thread.run(Thread.java:1583)
</pre></div></td>
<td>270</td>
<td>testCases.TC_SolidFireConfig@c055c54</td></tr>
<tr>
<td title='testCases.TC_StorageGridConfig.createStorageGridConfig()'><b>createStorageGridConfig</b><br>Test class: testCases.TC_StorageGridConfig<br>Parameters: APPTESTMBOB4@netapp.com, Apple Inc., Standard, Test Automation, Amit Jain, To be Determined During Qualify Sales Stage, Up-sell/Cross-sell, None, USD - U.S. Dollar, Direct, , , , , , , All SAN Array Flash Config, 1000, StorageGRID Appliance and Software, SG5860, 8TB HDDs Non-FDE, 6</td>
<td><div><pre>org.openqa.selenium.ElementClickInterceptedException: element click intercepted: Element &lt;button aria-label=&quot;...&quot; tabindex=&quot;0&quot; class=&quot;BaseButtonStyles_styles_base__jvi3ds0 BaseButtonStyles_styles_sizes_md__jvi3ds2a BaseButtonStyles_styles_variants_outlined_base__jvi3dsk BaseButtonStyles_styles_styled__jvi3ds1&quot; style=&quot;width: 100%;&quot;&gt;Save Quote&lt;/button&gt; is not clickable at point (460, 376). Other element would receive the click: &lt;span style=&quot;color:#ffffff;font-family:walkme-poppins, arial;font-size:16px;line-height:1.42&quot;&gt;...&lt;/span&gt;
  (Session info: chrome=140.0.7339.128)
Build info: version: &apos;4.34.0&apos;, revision: &apos;707dcb4246*&apos;
System info: os.name: &apos;Windows 11&apos;, os.arch: &apos;amd64&apos;, os.version: &apos;10.0&apos;, java.version: &apos;21.0.4&apos;
Driver info: org.openqa.selenium.remote.RemoteWebDriver
Command: [f192785327f5876e5d75e74ce9b5791c, clickElement {id=f.DF7F65BF062D6F0C84268F2ACBE4DEB5.d.51BE98E503C84D2C49889E219BD0EECA.e.41}]
Capabilities {acceptInsecureCerts: false, browserName: chrome, browserVersion: 140.0.7339.128, chrome: {chromedriverVersion: 140.0.7339.82 (bc93617e21c3..., userDataDir: C:\Users\sunilr2\AppData\Lo...}, fedcm:accounts: true, goog:chromeOptions: {debuggerAddress: localhost:54560}, networkConnectionEnabled: false, pageLoadStrategy: normal, platformName: Windows 11, proxy: Proxy(), se:bidiEnabled: false, se:cdp: ws://10.136.199.25:4444/ses..., se:cdpVersion: 140.0.7339.128, setWindowRect: true, strictFileInteractability: false, timeouts: {implicit: 0, pageLoad: 300000, script: 30000}, unhandledPromptBehavior: dismiss and notify, webauthn:extension:credBlob: true, webauthn:extension:largeBlob: true, webauthn:extension:minPinLength: true, webauthn:extension:prf: true, webauthn:virtualAuthenticators: true}
Element: [[RemoteWebDriver: chrome on Windows 11 (f192785327f5876e5d75e74ce9b5791c)] -&gt; xpath: //button[@aria-label=&apos;Save Quote&apos;]]
Session ID: f192785327f5876e5d75e74ce9b5791c
	at org.openqa.selenium.remote.ErrorCodec.decode(ErrorCodec.java:167)
	at org.openqa.selenium.remote.codec.w3c.W3CHttpResponseCodec.decode(W3CHttpResponseCodec.java:138)
	at org.openqa.selenium.remote.codec.w3c.W3CHttpResponseCodec.decode(W3CHttpResponseCodec.java:50)
	at org.openqa.selenium.remote.HttpCommandExecutor.execute(HttpCommandExecutor.java:215)
	at org.openqa.selenium.remote.TracedCommandExecutor.execute(TracedCommandExecutor.java:53)
	at org.openqa.selenium.remote.RemoteWebDriver.execute(RemoteWebDriver.java:544)
	at org.openqa.selenium.remote.RemoteWebElement.execute(RemoteWebElement.java:223)
	at org.openqa.selenium.remote.RemoteWebElement.click(RemoteWebElement.java:76)
	at org.openqa.selenium.support.pagefactory.internal.LocatingElementHandler.invoke(LocatingElementHandler.java:51)
	at jdk.proxy2/jdk.proxy2.$Proxy31.click(Unknown Source)
	at pageObects_SFDC.OpportunitiesPage.clickSaveButton(OpportunitiesPage.java:134)
	at testCases.TC_StorageGridConfig.createStorageGridConfig(TC_StorageGridConfig.java:151)
	at java.base/java.util.concurrent.Executors$RunnableAdapter.call(Executors.java:572)
	at java.base/java.util.concurrent.FutureTask.run(FutureTask.java:317)
	at java.base/java.util.concurrent.ThreadPoolExecutor.runWorker(ThreadPoolExecutor.java:1144)
	at java.base/java.util.concurrent.ThreadPoolExecutor$Worker.run(ThreadPoolExecutor.java:642)
	at java.base/java.lang.Thread.run(Thread.java:1583)
... Removed 16 stack frames</pre></div><a href='#' onClick='toggleBox("stack-trace1732422710", this, "Click to show all stack frames", "Click to hide stack frames")'>Click to show all stack frames</a>
<div class='stack-trace' id='stack-trace1732422710'><pre>org.openqa.selenium.ElementClickInterceptedException: element click intercepted: Element &lt;button aria-label=&quot;...&quot; tabindex=&quot;0&quot; class=&quot;BaseButtonStyles_styles_base__jvi3ds0 BaseButtonStyles_styles_sizes_md__jvi3ds2a BaseButtonStyles_styles_variants_outlined_base__jvi3dsk BaseButtonStyles_styles_styled__jvi3ds1&quot; style=&quot;width: 100%;&quot;&gt;Save Quote&lt;/button&gt; is not clickable at point (460, 376). Other element would receive the click: &lt;span style=&quot;color:#ffffff;font-family:walkme-poppins, arial;font-size:16px;line-height:1.42&quot;&gt;...&lt;/span&gt;
  (Session info: chrome=140.0.7339.128)
Build info: version: &apos;4.34.0&apos;, revision: &apos;707dcb4246*&apos;
System info: os.name: &apos;Windows 11&apos;, os.arch: &apos;amd64&apos;, os.version: &apos;10.0&apos;, java.version: &apos;21.0.4&apos;
Driver info: org.openqa.selenium.remote.RemoteWebDriver
Command: [f192785327f5876e5d75e74ce9b5791c, clickElement {id=f.DF7F65BF062D6F0C84268F2ACBE4DEB5.d.51BE98E503C84D2C49889E219BD0EECA.e.41}]
Capabilities {acceptInsecureCerts: false, browserName: chrome, browserVersion: 140.0.7339.128, chrome: {chromedriverVersion: 140.0.7339.82 (bc93617e21c3..., userDataDir: C:\Users\sunilr2\AppData\Lo...}, fedcm:accounts: true, goog:chromeOptions: {debuggerAddress: localhost:54560}, networkConnectionEnabled: false, pageLoadStrategy: normal, platformName: Windows 11, proxy: Proxy(), se:bidiEnabled: false, se:cdp: ws://10.136.199.25:4444/ses..., se:cdpVersion: 140.0.7339.128, setWindowRect: true, strictFileInteractability: false, timeouts: {implicit: 0, pageLoad: 300000, script: 30000}, unhandledPromptBehavior: dismiss and notify, webauthn:extension:credBlob: true, webauthn:extension:largeBlob: true, webauthn:extension:minPinLength: true, webauthn:extension:prf: true, webauthn:virtualAuthenticators: true}
Element: [[RemoteWebDriver: chrome on Windows 11 (f192785327f5876e5d75e74ce9b5791c)] -&gt; xpath: //button[@aria-label=&apos;Save Quote&apos;]]
Session ID: f192785327f5876e5d75e74ce9b5791c
	at java.base/jdk.internal.reflect.DirectConstructorHandleAccessor.newInstance(DirectConstructorHandleAccessor.java:62)
	at java.base/java.lang.reflect.Constructor.newInstanceWithCaller(Constructor.java:502)
	at java.base/java.lang.reflect.Constructor.newInstance(Constructor.java:486)
	at org.openqa.selenium.remote.ErrorCodec.decode(ErrorCodec.java:167)
	at org.openqa.selenium.remote.codec.w3c.W3CHttpResponseCodec.decode(W3CHttpResponseCodec.java:138)
	at org.openqa.selenium.remote.codec.w3c.W3CHttpResponseCodec.decode(W3CHttpResponseCodec.java:50)
	at org.openqa.selenium.remote.HttpCommandExecutor.execute(HttpCommandExecutor.java:215)
	at org.openqa.selenium.remote.TracedCommandExecutor.execute(TracedCommandExecutor.java:53)
	at org.openqa.selenium.remote.RemoteWebDriver.execute(RemoteWebDriver.java:544)
	at org.openqa.selenium.remote.RemoteWebElement.execute(RemoteWebElement.java:223)
	at org.openqa.selenium.remote.RemoteWebElement.click(RemoteWebElement.java:76)
	at java.base/jdk.internal.reflect.DirectMethodHandleAccessor.invoke(DirectMethodHandleAccessor.java:103)
	at java.base/java.lang.reflect.Method.invoke(Method.java:580)
	at org.openqa.selenium.support.pagefactory.internal.LocatingElementHandler.invoke(LocatingElementHandler.java:51)
	at jdk.proxy2/jdk.proxy2.$Proxy31.click(Unknown Source)
	at pageObects_SFDC.OpportunitiesPage.clickSaveButton(OpportunitiesPage.java:134)
	at testCases.TC_StorageGridConfig.createStorageGridConfig(TC_StorageGridConfig.java:151)
	at java.base/jdk.internal.reflect.DirectMethodHandleAccessor.invoke(DirectMethodHandleAccessor.java:103)
	at java.base/java.lang.reflect.Method.invoke(Method.java:580)
	at org.testng.internal.invokers.MethodInvocationHelper.invokeMethod(MethodInvocationHelper.java:141)
	at org.testng.internal.invokers.TestInvoker.invokeMethod(TestInvoker.java:686)
	at org.testng.internal.invokers.TestInvoker.invokeTestMethod(TestInvoker.java:230)
	at org.testng.internal.invokers.MethodRunner.runInSequence(MethodRunner.java:63)
	at org.testng.internal.invokers.TestInvoker$MethodInvocationAgent.invoke(TestInvoker.java:992)
	at org.testng.internal.invokers.TestInvoker.invokeTestMethods(TestInvoker.java:203)
	at org.testng.internal.invokers.TestMethodWorker.invokeTestMethods(TestMethodWorker.java:154)
	at org.testng.internal.invokers.TestMethodWorker.run(TestMethodWorker.java:134)
	at java.base/java.util.concurrent.Executors$RunnableAdapter.call(Executors.java:572)
	at java.base/java.util.concurrent.FutureTask.run(FutureTask.java:317)
	at org.testng.internal.thread.graph.TestNGFutureTask.run(TestNGFutureTask.java:22)
	at java.base/java.util.concurrent.ThreadPoolExecutor.runWorker(ThreadPoolExecutor.java:1144)
	at java.base/java.util.concurrent.ThreadPoolExecutor$Worker.run(ThreadPoolExecutor.java:642)
	at java.base/java.lang.Thread.run(Thread.java:1583)
</pre></div></td>
<td>283</td>
<td>testCases.TC_StorageGridConfig@25e2ab5a</td></tr>
<tr>
<td title='testCases.TC_SolidFireConfig.createSolidFireConfig()'><b>createSolidFireConfig</b><br>Test class: testCases.TC_SolidFireConfig<br>Parameters: APPTESTMBOB4@netapp.com, Apple Inc., Standard, Test Automation, Amit Jain, To be Determined During Qualify Sales Stage, Up-sell/Cross-sell, None, USD - U.S. Dollar, Direct, , , , , , , All SAN Array Flash Config, 1000, Term Based Capacity License Software, 10, 24 Months</td>
<td><div><pre>org.openqa.selenium.StaleElementReferenceException: stale element reference: stale element not found in the current frame
  (Session info: chrome=140.0.7339.128)
For documentation on this error, please visit: https://www.selenium.dev/documentation/webdriver/troubleshooting/errors#stale-element-reference-exception
Build info: version: &apos;4.34.0&apos;, revision: &apos;707dcb4246*&apos;
System info: os.name: &apos;Windows 11&apos;, os.arch: &apos;amd64&apos;, os.version: &apos;10.0&apos;, java.version: &apos;21.0.4&apos;
Driver info: org.openqa.selenium.remote.RemoteWebDriver
Command: [d0c86ac317f16883e3777a07db0fc6fe, clickElement {id=f.4C3D14BB518EA6E91ABBAFE4F3218212.d.BDD7A3AFD934B37DB236C2E654D809C5.e.638}]
Capabilities {acceptInsecureCerts: false, browserName: chrome, browserVersion: 140.0.7339.128, chrome: {chromedriverVersion: 140.0.7339.82 (bc93617e21c3..., userDataDir: C:\Users\sunilr2\AppData\Lo...}, fedcm:accounts: true, goog:chromeOptions: {debuggerAddress: localhost:54559}, networkConnectionEnabled: false, pageLoadStrategy: normal, platformName: Windows 11, proxy: Proxy(), se:bidiEnabled: false, se:cdp: ws://10.136.199.25:4444/ses..., se:cdpVersion: 140.0.7339.128, setWindowRect: true, strictFileInteractability: false, timeouts: {implicit: 0, pageLoad: 300000, script: 30000}, unhandledPromptBehavior: dismiss and notify, webauthn:extension:credBlob: true, webauthn:extension:largeBlob: true, webauthn:extension:minPinLength: true, webauthn:extension:prf: true, webauthn:virtualAuthenticators: true}
Element: [[RemoteWebDriver: chrome on Windows 11 (d0c86ac317f16883e3777a07db0fc6fe)] -&gt; xpath: //span[normalize-space()=&apos;24 Months&apos;]]
Session ID: d0c86ac317f16883e3777a07db0fc6fe
	at org.openqa.selenium.remote.ErrorCodec.decode(ErrorCodec.java:167)
	at org.openqa.selenium.remote.codec.w3c.W3CHttpResponseCodec.decode(W3CHttpResponseCodec.java:138)
	at org.openqa.selenium.remote.codec.w3c.W3CHttpResponseCodec.decode(W3CHttpResponseCodec.java:50)
	at org.openqa.selenium.remote.HttpCommandExecutor.execute(HttpCommandExecutor.java:215)
	at org.openqa.selenium.remote.TracedCommandExecutor.execute(TracedCommandExecutor.java:53)
	at org.openqa.selenium.remote.RemoteWebDriver.execute(RemoteWebDriver.java:544)
	at org.openqa.selenium.remote.RemoteWebElement.execute(RemoteWebElement.java:223)
	at org.openqa.selenium.remote.RemoteWebElement.click(RemoteWebElement.java:76)
	at pageObjects_SolidFIre.HomePageSolidFire.selectNewTerm(HomePageSolidFire.java:95)
	at testCases.TC_SolidFireConfig.createSolidFireConfig(TC_SolidFireConfig.java:176)
	at java.base/java.util.concurrent.Executors$RunnableAdapter.call(Executors.java:572)
	at java.base/java.util.concurrent.FutureTask.run(FutureTask.java:317)
	at java.base/java.util.concurrent.ThreadPoolExecutor.runWorker(ThreadPoolExecutor.java:1144)
	at java.base/java.util.concurrent.ThreadPoolExecutor$Worker.run(ThreadPoolExecutor.java:642)
	at java.base/java.lang.Thread.run(Thread.java:1583)
... Removed 14 stack frames</pre></div><a href='#' onClick='toggleBox("stack-trace1977478179", this, "Click to show all stack frames", "Click to hide stack frames")'>Click to show all stack frames</a>
<div class='stack-trace' id='stack-trace1977478179'><pre>org.openqa.selenium.StaleElementReferenceException: stale element reference: stale element not found in the current frame
  (Session info: chrome=140.0.7339.128)
For documentation on this error, please visit: https://www.selenium.dev/documentation/webdriver/troubleshooting/errors#stale-element-reference-exception
Build info: version: &apos;4.34.0&apos;, revision: &apos;707dcb4246*&apos;
System info: os.name: &apos;Windows 11&apos;, os.arch: &apos;amd64&apos;, os.version: &apos;10.0&apos;, java.version: &apos;21.0.4&apos;
Driver info: org.openqa.selenium.remote.RemoteWebDriver
Command: [d0c86ac317f16883e3777a07db0fc6fe, clickElement {id=f.4C3D14BB518EA6E91ABBAFE4F3218212.d.BDD7A3AFD934B37DB236C2E654D809C5.e.638}]
Capabilities {acceptInsecureCerts: false, browserName: chrome, browserVersion: 140.0.7339.128, chrome: {chromedriverVersion: 140.0.7339.82 (bc93617e21c3..., userDataDir: C:\Users\sunilr2\AppData\Lo...}, fedcm:accounts: true, goog:chromeOptions: {debuggerAddress: localhost:54559}, networkConnectionEnabled: false, pageLoadStrategy: normal, platformName: Windows 11, proxy: Proxy(), se:bidiEnabled: false, se:cdp: ws://10.136.199.25:4444/ses..., se:cdpVersion: 140.0.7339.128, setWindowRect: true, strictFileInteractability: false, timeouts: {implicit: 0, pageLoad: 300000, script: 30000}, unhandledPromptBehavior: dismiss and notify, webauthn:extension:credBlob: true, webauthn:extension:largeBlob: true, webauthn:extension:minPinLength: true, webauthn:extension:prf: true, webauthn:virtualAuthenticators: true}
Element: [[RemoteWebDriver: chrome on Windows 11 (d0c86ac317f16883e3777a07db0fc6fe)] -&gt; xpath: //span[normalize-space()=&apos;24 Months&apos;]]
Session ID: d0c86ac317f16883e3777a07db0fc6fe
	at java.base/jdk.internal.reflect.DirectConstructorHandleAccessor.newInstance(DirectConstructorHandleAccessor.java:62)
	at java.base/java.lang.reflect.Constructor.newInstanceWithCaller(Constructor.java:502)
	at java.base/java.lang.reflect.Constructor.newInstance(Constructor.java:486)
	at org.openqa.selenium.remote.ErrorCodec.decode(ErrorCodec.java:167)
	at org.openqa.selenium.remote.codec.w3c.W3CHttpResponseCodec.decode(W3CHttpResponseCodec.java:138)
	at org.openqa.selenium.remote.codec.w3c.W3CHttpResponseCodec.decode(W3CHttpResponseCodec.java:50)
	at org.openqa.selenium.remote.HttpCommandExecutor.execute(HttpCommandExecutor.java:215)
	at org.openqa.selenium.remote.TracedCommandExecutor.execute(TracedCommandExecutor.java:53)
	at org.openqa.selenium.remote.RemoteWebDriver.execute(RemoteWebDriver.java:544)
	at org.openqa.selenium.remote.RemoteWebElement.execute(RemoteWebElement.java:223)
	at org.openqa.selenium.remote.RemoteWebElement.click(RemoteWebElement.java:76)
	at pageObjects_SolidFIre.HomePageSolidFire.selectNewTerm(HomePageSolidFire.java:95)
	at testCases.TC_SolidFireConfig.createSolidFireConfig(TC_SolidFireConfig.java:176)
	at java.base/jdk.internal.reflect.DirectMethodHandleAccessor.invoke(DirectMethodHandleAccessor.java:103)
	at java.base/java.lang.reflect.Method.invoke(Method.java:580)
	at org.testng.internal.invokers.MethodInvocationHelper.invokeMethod(MethodInvocationHelper.java:141)
	at org.testng.internal.invokers.TestInvoker.invokeMethod(TestInvoker.java:686)
	at org.testng.internal.invokers.TestInvoker.retryFailed(TestInvoker.java:269)
	at org.testng.internal.invokers.MethodRunner.runInSequence(MethodRunner.java:76)
	at org.testng.internal.invokers.TestInvoker$MethodInvocationAgent.invoke(TestInvoker.java:992)
	at org.testng.internal.invokers.TestInvoker.invokeTestMethods(TestInvoker.java:203)
	at org.testng.internal.invokers.TestMethodWorker.invokeTestMethods(TestMethodWorker.java:154)
	at org.testng.internal.invokers.TestMethodWorker.run(TestMethodWorker.java:134)
	at java.base/java.util.concurrent.Executors$RunnableAdapter.call(Executors.java:572)
	at java.base/java.util.concurrent.FutureTask.run(FutureTask.java:317)
	at org.testng.internal.thread.graph.TestNGFutureTask.run(TestNGFutureTask.java:22)
	at java.base/java.util.concurrent.ThreadPoolExecutor.runWorker(ThreadPoolExecutor.java:1144)
	at java.base/java.util.concurrent.ThreadPoolExecutor$Worker.run(ThreadPoolExecutor.java:642)
	at java.base/java.lang.Thread.run(Thread.java:1583)
</pre></div></td>
<td>329</td>
<td>testCases.TC_SolidFireConfig@c055c54</td></tr>
</table><p>
</body>
</html>